# Logfile created on 2022-03-15 17:08:19 +0300 by logger.rb/47272
I, [2022-03-15T17:10:42.709522 #60885]  INFO -- : Running example 'Verifying a pact between ShoppingCartClient and ShoppingCartApi Given i have a list of products a request for products with GET /api/products returns a response which has status code 200'
I, [2022-03-15T17:10:42.710845 #60885]  INFO -- : Sending GET request to path: "/api/products" with headers: {"X_PACT_PROVIDER_STATES"=>[{"name"=>"i have a list of products"}]}, see debug logs for body
D, [2022-03-15T17:10:42.710909 #60885] DEBUG -- : body :
I, [2022-03-15T17:10:42.727307 #60885]  INFO -- : Received response with status: 200, headers: {"Access-Control-Allow-Origin"=>"*", "Content-Length"=>"2089", "Content-Type"=>"application/json", "Date"=>"Tue, 15 Mar 2022 14:10:42 GMT", "Vary"=>"Origin"}, see debug logs for body
D, [2022-03-15T17:10:42.727381 #60885] DEBUG -- : body: [{"id":1,"category":"Home","title":"Wooden dinner table","description":"Wooden table for dinner room","price":1250,"pic_link":"https://ronixtools.com/en/blog/wp-content/uploads/2021/03/Learn-how-to-make-a-simple-wooden-table-at-home1.jpg"},{"id":2,"category":"Garden","title":"Garden Hose","description":"Green garden hose","price":50,"pic_link":"https://cdn11.bigcommerce.com/s-3c8l9ljcjn/images/stencil/1280x1280/products/24929/35825/39a0105_lifetime_garden_hose_rack_alt2__22440__05859.1593445624__65789.1631907713.jpg?c=1"},{"id":3,"category":"Garden","title":"Wooden garden table","description":"Wooden table for gardens","price":1350,"pic_link":"https://image.made-in-china.com/202f0j00pwvEBLQMaTqP/Outdoor-Furniture-Wooden-Garden-Table-Picnic-Table-Sets-for-Children.jpg"},{"id":4,"category":"Home","title":"TV Unit","description":"TV Unit for plasma TV's","price":150,"pic_link":"https://www.ulcdn.net/opt/www.ulcdn.net/images/products/125614/slide/666x363/Zephyr_LargeTV_Unit_TK_2.jpg?1608823365"},{"id":5,"category":"Cleaning","title":"Robot vacuum","description":"Robot vacuum that clean your house automatically","price":700,"pic_link":"https://images.hepsiburada.net/assets/ProductDescription/202007/52168f7d-a5c5-47c3-b810-3810d3b57e8e.jpg"},{"id":6,"category":"Electronics","title":"Iphone 13","description":"Latest model of iphone released this year","price":1000,"pic_link":"https://store.storeimages.cdn-apple.com/4668/as-images.apple.com/is/iphone-13-pro-silver-select?wid=470\u0026hei=556\u0026fmt=jpeg\u0026qlt=95\u0026.v=1631652954000"},{"id":7,"category":"Electronics","title":"Tv","description":"Plasma Tv","price":1000,"pic_link":"https://5.imimg.com/data5/NA/OH/MY-2906751/td-500x500.jpg"},{"id":8,"category":"Electronics","title":"Imac pro","description":"Latest release of Apple's Imac","price":3000,"pic_link":"https://cdn.vatanbilgisayar.com/Upload/PRODUCT/apple/thumb/v2-89592_large.jpg"},{"id":9,"category":"Home","title":"Rug","description":"Self cleaning rug for houses","price":1100,"pic_link":"https://www.therange.co.uk/_m5/5/9/1596549272_2_2067.jpg"}]
I, [2022-03-15T17:10:42.729524 #60885]  INFO -- : Running example 'Verifying a pact between ShoppingCartClient and ShoppingCartApi Given i will add product to the basket post request to add product to basket with POST /api/basket/1 returns a response which has status code 200'
I, [2022-03-15T17:10:42.729638 #60885]  INFO -- : Sending POST request to path: "/api/basket/1" with headers: {"X_PACT_PROVIDER_STATES"=>[{"name"=>"i will add product to the basket"}]}, see debug logs for body
D, [2022-03-15T17:10:42.729669 #60885] DEBUG -- : body :
I, [2022-03-15T17:10:42.731858 #60885]  INFO -- : Received response with status: 200, headers: {"Access-Control-Allow-Origin"=>"*", "Content-Length"=>"2", "Content-Type"=>"text/plain; charset=utf-8", "Date"=>"Tue, 15 Mar 2022 14:10:42 GMT", "Vary"=>"Origin"}, see debug logs for body
D, [2022-03-15T17:10:42.731902 #60885] DEBUG -- : body: OK
I, [2022-03-15T17:10:42.732336 #60885]  INFO -- : Running example 'Verifying a pact between ShoppingCartClient and ShoppingCartApi Given i will get the basket request for basket with GET /api/basket returns a response which has status code 200'
I, [2022-03-15T17:10:42.732452 #60885]  INFO -- : Sending GET request to path: "/api/basket" with headers: {"X_PACT_PROVIDER_STATES"=>[{"name"=>"i will get the basket"}]}, see debug logs for body
D, [2022-03-15T17:10:42.732477 #60885] DEBUG -- : body :
I, [2022-03-15T17:10:42.734116 #60885]  INFO -- : Received response with status: 200, headers: {"Access-Control-Allow-Origin"=>"*", "Content-Length"=>"269", "Content-Type"=>"application/json", "Date"=>"Tue, 15 Mar 2022 14:10:42 GMT", "Vary"=>"Origin"}, see debug logs for body
D, [2022-03-15T17:10:42.734154 #60885] DEBUG -- : body: [{"product":{"id":1,"category":"Home","title":"Wooden dinner table","description":"Wooden table for dinner room","price":1250,"pic_link":"https://ronixtools.com/en/blog/wp-content/uploads/2021/03/Learn-how-to-make-a-simple-wooden-table-at-home1.jpg"},"productCount":1}]
I, [2022-03-15T17:10:42.734836 #60885]  INFO -- : Running example 'Verifying a pact between ShoppingCartClient and ShoppingCartApi Given i will decrease product from basket a request for decreasing a product from the basket with DELETE /api/basket/1 returns a response which has status code 200'
I, [2022-03-15T17:10:42.734916 #60885]  INFO -- : Sending DELETE request to path: "/api/basket/1" with headers: {"X_PACT_PROVIDER_STATES"=>[{"name"=>"i will decrease product from basket"}]}, see debug logs for body
D, [2022-03-15T17:10:42.734941 #60885] DEBUG -- : body :
I, [2022-03-15T17:10:42.736479 #60885]  INFO -- : Received response with status: 200, headers: {"Access-Control-Allow-Origin"=>"*", "Content-Length"=>"2", "Content-Type"=>"text/plain; charset=utf-8", "Date"=>"Tue, 15 Mar 2022 14:10:42 GMT", "Vary"=>"Origin"}, see debug logs for body
D, [2022-03-15T17:10:42.736512 #60885] DEBUG -- : body: OK
I, [2022-03-15T17:10:42.736913 #60885]  INFO -- : Running example 'Verifying a pact between ShoppingCartClient and ShoppingCartApi Given i will clear the basket request for clearing basket with DELETE /api/basket/ returns a response which has status code 200'
I, [2022-03-15T17:10:42.736997 #60885]  INFO -- : Sending DELETE request to path: "/api/basket/" with headers: {"X_PACT_PROVIDER_STATES"=>[{"name"=>"i will clear the basket"}]}, see debug logs for body
D, [2022-03-15T17:10:42.737020 #60885] DEBUG -- : body :
I, [2022-03-15T17:10:42.738448 #60885]  INFO -- : Received response with status: 200, headers: {"Access-Control-Allow-Origin"=>"*", "Content-Length"=>"2", "Content-Type"=>"text/plain; charset=utf-8", "Date"=>"Tue, 15 Mar 2022 14:10:42 GMT", "Vary"=>"Origin"}, see debug logs for body
D, [2022-03-15T17:10:42.738483 #60885] DEBUG -- : body: OK
I, [2022-03-15T17:10:46.167458 #60885]  INFO -- : Running example 'Verifying a pact between ShoppingCartClient and ShoppingCartApi Given i have a list of products a request for products with GET /api/products returns a response which has status code 200'
I, [2022-03-15T17:10:46.167643 #60885]  INFO -- : Sending GET request to path: "/api/products" with headers: {"X_PACT_PROVIDER_STATES"=>[{"name"=>"i have a list of products"}]}, see debug logs for body
D, [2022-03-15T17:10:46.167687 #60885] DEBUG -- : body :
I, [2022-03-15T17:10:46.170114 #60885]  INFO -- : Received response with status: 200, headers: {"Access-Control-Allow-Origin"=>"*", "Content-Length"=>"2089", "Content-Type"=>"application/json", "Date"=>"Tue, 15 Mar 2022 14:10:45 GMT", "Vary"=>"Origin"}, see debug logs for body
D, [2022-03-15T17:10:46.170168 #60885] DEBUG -- : body: [{"id":1,"category":"Home","title":"Wooden dinner table","description":"Wooden table for dinner room","price":1250,"pic_link":"https://ronixtools.com/en/blog/wp-content/uploads/2021/03/Learn-how-to-make-a-simple-wooden-table-at-home1.jpg"},{"id":2,"category":"Garden","title":"Garden Hose","description":"Green garden hose","price":50,"pic_link":"https://cdn11.bigcommerce.com/s-3c8l9ljcjn/images/stencil/1280x1280/products/24929/35825/39a0105_lifetime_garden_hose_rack_alt2__22440__05859.1593445624__65789.1631907713.jpg?c=1"},{"id":3,"category":"Garden","title":"Wooden garden table","description":"Wooden table for gardens","price":1350,"pic_link":"https://image.made-in-china.com/202f0j00pwvEBLQMaTqP/Outdoor-Furniture-Wooden-Garden-Table-Picnic-Table-Sets-for-Children.jpg"},{"id":4,"category":"Home","title":"TV Unit","description":"TV Unit for plasma TV's","price":150,"pic_link":"https://www.ulcdn.net/opt/www.ulcdn.net/images/products/125614/slide/666x363/Zephyr_LargeTV_Unit_TK_2.jpg?1608823365"},{"id":5,"category":"Cleaning","title":"Robot vacuum","description":"Robot vacuum that clean your house automatically","price":700,"pic_link":"https://images.hepsiburada.net/assets/ProductDescription/202007/52168f7d-a5c5-47c3-b810-3810d3b57e8e.jpg"},{"id":6,"category":"Electronics","title":"Iphone 13","description":"Latest model of iphone released this year","price":1000,"pic_link":"https://store.storeimages.cdn-apple.com/4668/as-images.apple.com/is/iphone-13-pro-silver-select?wid=470\u0026hei=556\u0026fmt=jpeg\u0026qlt=95\u0026.v=1631652954000"},{"id":7,"category":"Electronics","title":"Tv","description":"Plasma Tv","price":1000,"pic_link":"https://5.imimg.com/data5/NA/OH/MY-2906751/td-500x500.jpg"},{"id":8,"category":"Electronics","title":"Imac pro","description":"Latest release of Apple's Imac","price":3000,"pic_link":"https://cdn.vatanbilgisayar.com/Upload/PRODUCT/apple/thumb/v2-89592_large.jpg"},{"id":9,"category":"Home","title":"Rug","description":"Self cleaning rug for houses","price":1100,"pic_link":"https://www.therange.co.uk/_m5/5/9/1596549272_2_2067.jpg"}]
I, [2022-03-15T17:10:46.171161 #60885]  INFO -- : Running example 'Verifying a pact between ShoppingCartClient and ShoppingCartApi Given i will add product to the basket post request to add product to basket with POST /api/basket/1 returns a response which has status code 200'
I, [2022-03-15T17:10:46.171253 #60885]  INFO -- : Sending POST request to path: "/api/basket/1" with headers: {"X_PACT_PROVIDER_STATES"=>[{"name"=>"i will add product to the basket"}]}, see debug logs for body
D, [2022-03-15T17:10:46.171280 #60885] DEBUG -- : body :
I, [2022-03-15T17:10:46.173139 #60885]  INFO -- : Received response with status: 200, headers: {"Access-Control-Allow-Origin"=>"*", "Content-Length"=>"2", "Content-Type"=>"text/plain; charset=utf-8", "Date"=>"Tue, 15 Mar 2022 14:10:45 GMT", "Vary"=>"Origin"}, see debug logs for body
D, [2022-03-15T17:10:46.173180 #60885] DEBUG -- : body: OK
I, [2022-03-15T17:10:46.173647 #60885]  INFO -- : Running example 'Verifying a pact between ShoppingCartClient and ShoppingCartApi Given i will get the basket request for basket with GET /api/basket returns a response which has status code 200'
I, [2022-03-15T17:10:46.173738 #60885]  INFO -- : Sending GET request to path: "/api/basket" with headers: {"X_PACT_PROVIDER_STATES"=>[{"name"=>"i will get the basket"}]}, see debug logs for body
D, [2022-03-15T17:10:46.173767 #60885] DEBUG -- : body :
I, [2022-03-15T17:10:46.175470 #60885]  INFO -- : Received response with status: 200, headers: {"Access-Control-Allow-Origin"=>"*", "Content-Length"=>"269", "Content-Type"=>"application/json", "Date"=>"Tue, 15 Mar 2022 14:10:45 GMT", "Vary"=>"Origin"}, see debug logs for body
D, [2022-03-15T17:10:46.175510 #60885] DEBUG -- : body: [{"product":{"id":1,"category":"Home","title":"Wooden dinner table","description":"Wooden table for dinner room","price":1250,"pic_link":"https://ronixtools.com/en/blog/wp-content/uploads/2021/03/Learn-how-to-make-a-simple-wooden-table-at-home1.jpg"},"productCount":1}]
I, [2022-03-15T17:10:46.176291 #60885]  INFO -- : Running example 'Verifying a pact between ShoppingCartClient and ShoppingCartApi Given i will decrease product from basket a request for decreasing a product from the basket with DELETE /api/basket/1 returns a response which has status code 200'
I, [2022-03-15T17:10:46.176378 #60885]  INFO -- : Sending DELETE request to path: "/api/basket/1" with headers: {"X_PACT_PROVIDER_STATES"=>[{"name"=>"i will decrease product from basket"}]}, see debug logs for body
D, [2022-03-15T17:10:46.176405 #60885] DEBUG -- : body :
I, [2022-03-15T17:10:46.178198 #60885]  INFO -- : Received response with status: 200, headers: {"Access-Control-Allow-Origin"=>"*", "Content-Length"=>"2", "Content-Type"=>"text/plain; charset=utf-8", "Date"=>"Tue, 15 Mar 2022 14:10:45 GMT", "Vary"=>"Origin"}, see debug logs for body
D, [2022-03-15T17:10:46.178259 #60885] DEBUG -- : body: OK
I, [2022-03-15T17:10:46.178710 #60885]  INFO -- : Running example 'Verifying a pact between ShoppingCartClient and ShoppingCartApi Given i will clear the basket request for clearing basket with DELETE /api/basket/ returns a response which has status code 200'
I, [2022-03-15T17:10:46.178796 #60885]  INFO -- : Sending DELETE request to path: "/api/basket/" with headers: {"X_PACT_PROVIDER_STATES"=>[{"name"=>"i will clear the basket"}]}, see debug logs for body
D, [2022-03-15T17:10:46.178823 #60885] DEBUG -- : body :
I, [2022-03-15T17:10:46.180393 #60885]  INFO -- : Received response with status: 200, headers: {"Access-Control-Allow-Origin"=>"*", "Content-Length"=>"2", "Content-Type"=>"text/plain; charset=utf-8", "Date"=>"Tue, 15 Mar 2022 14:10:45 GMT", "Vary"=>"Origin"}, see debug logs for body
D, [2022-03-15T17:10:46.180431 #60885] DEBUG -- : body: OK
I, [2022-03-15T17:11:06.799723 #61039]  INFO -- : Running example 'Verifying a pact between ShoppingCartClient and ShoppingCartApi Given i have a list of products a request for products with GET /api/products returns a response which has status code 200'
I, [2022-03-15T17:11:06.799913 #61039]  INFO -- : Sending GET request to path: "/api/products" with headers: {"X_PACT_PROVIDER_STATES"=>[{"name"=>"i have a list of products"}]}, see debug logs for body
D, [2022-03-15T17:11:06.799951 #61039] DEBUG -- : body :
I, [2022-03-15T17:11:06.815264 #61039]  INFO -- : Received response with status: 200, headers: {"Access-Control-Allow-Origin"=>"*", "Content-Length"=>"2089", "Content-Type"=>"application/json", "Date"=>"Tue, 15 Mar 2022 14:11:06 GMT", "Vary"=>"Origin"}, see debug logs for body
D, [2022-03-15T17:11:06.815332 #61039] DEBUG -- : body: [{"id":1,"category":"Home","title":"Wooden dinner table","description":"Wooden table for dinner room","price":1250,"pic_link":"https://ronixtools.com/en/blog/wp-content/uploads/2021/03/Learn-how-to-make-a-simple-wooden-table-at-home1.jpg"},{"id":2,"category":"Garden","title":"Garden Hose","description":"Green garden hose","price":50,"pic_link":"https://cdn11.bigcommerce.com/s-3c8l9ljcjn/images/stencil/1280x1280/products/24929/35825/39a0105_lifetime_garden_hose_rack_alt2__22440__05859.1593445624__65789.1631907713.jpg?c=1"},{"id":3,"category":"Garden","title":"Wooden garden table","description":"Wooden table for gardens","price":1350,"pic_link":"https://image.made-in-china.com/202f0j00pwvEBLQMaTqP/Outdoor-Furniture-Wooden-Garden-Table-Picnic-Table-Sets-for-Children.jpg"},{"id":4,"category":"Home","title":"TV Unit","description":"TV Unit for plasma TV's","price":150,"pic_link":"https://www.ulcdn.net/opt/www.ulcdn.net/images/products/125614/slide/666x363/Zephyr_LargeTV_Unit_TK_2.jpg?1608823365"},{"id":5,"category":"Cleaning","title":"Robot vacuum","description":"Robot vacuum that clean your house automatically","price":700,"pic_link":"https://images.hepsiburada.net/assets/ProductDescription/202007/52168f7d-a5c5-47c3-b810-3810d3b57e8e.jpg"},{"id":6,"category":"Electronics","title":"Iphone 13","description":"Latest model of iphone released this year","price":1000,"pic_link":"https://store.storeimages.cdn-apple.com/4668/as-images.apple.com/is/iphone-13-pro-silver-select?wid=470\u0026hei=556\u0026fmt=jpeg\u0026qlt=95\u0026.v=1631652954000"},{"id":7,"category":"Electronics","title":"Tv","description":"Plasma Tv","price":1000,"pic_link":"https://5.imimg.com/data5/NA/OH/MY-2906751/td-500x500.jpg"},{"id":8,"category":"Electronics","title":"Imac pro","description":"Latest release of Apple's Imac","price":3000,"pic_link":"https://cdn.vatanbilgisayar.com/Upload/PRODUCT/apple/thumb/v2-89592_large.jpg"},{"id":9,"category":"Home","title":"Rug","description":"Self cleaning rug for houses","price":1100,"pic_link":"https://www.therange.co.uk/_m5/5/9/1596549272_2_2067.jpg"}]
I, [2022-03-15T17:11:06.817224 #61039]  INFO -- : Running example 'Verifying a pact between ShoppingCartClient and ShoppingCartApi Given i will add product to the basket post request to add product to basket with POST /api/basket/1 returns a response which has status code 200'
I, [2022-03-15T17:11:06.817328 #61039]  INFO -- : Sending POST request to path: "/api/basket/1" with headers: {"X_PACT_PROVIDER_STATES"=>[{"name"=>"i will add product to the basket"}]}, see debug logs for body
D, [2022-03-15T17:11:06.817354 #61039] DEBUG -- : body :
I, [2022-03-15T17:11:06.819297 #61039]  INFO -- : Received response with status: 200, headers: {"Access-Control-Allow-Origin"=>"*", "Content-Length"=>"2", "Content-Type"=>"text/plain; charset=utf-8", "Date"=>"Tue, 15 Mar 2022 14:11:06 GMT", "Vary"=>"Origin"}, see debug logs for body
D, [2022-03-15T17:11:06.819331 #61039] DEBUG -- : body: OK
I, [2022-03-15T17:11:06.819732 #61039]  INFO -- : Running example 'Verifying a pact between ShoppingCartClient and ShoppingCartApi Given i will get the basket request for basket with GET /api/basket returns a response which has status code 200'
I, [2022-03-15T17:11:06.819806 #61039]  INFO -- : Sending GET request to path: "/api/basket" with headers: {"X_PACT_PROVIDER_STATES"=>[{"name"=>"i will get the basket"}]}, see debug logs for body
D, [2022-03-15T17:11:06.819829 #61039] DEBUG -- : body :
I, [2022-03-15T17:11:06.822214 #61039]  INFO -- : Received response with status: 200, headers: {"Access-Control-Allow-Origin"=>"*", "Content-Length"=>"269", "Content-Type"=>"application/json", "Date"=>"Tue, 15 Mar 2022 14:11:06 GMT", "Vary"=>"Origin"}, see debug logs for body
D, [2022-03-15T17:11:06.822260 #61039] DEBUG -- : body: [{"product":{"id":1,"category":"Home","title":"Wooden dinner table","description":"Wooden table for dinner room","price":1250,"pic_link":"https://ronixtools.com/en/blog/wp-content/uploads/2021/03/Learn-how-to-make-a-simple-wooden-table-at-home1.jpg"},"productCount":1}]
I, [2022-03-15T17:11:06.823004 #61039]  INFO -- : Running example 'Verifying a pact between ShoppingCartClient and ShoppingCartApi Given i will decrease product from basket a request for decreasing a product from the basket with DELETE /api/basket/1 returns a response which has status code 200'
I, [2022-03-15T17:11:06.823088 #61039]  INFO -- : Sending DELETE request to path: "/api/basket/1" with headers: {"X_PACT_PROVIDER_STATES"=>[{"name"=>"i will decrease product from basket"}]}, see debug logs for body
D, [2022-03-15T17:11:06.823112 #61039] DEBUG -- : body :
I, [2022-03-15T17:11:06.824692 #61039]  INFO -- : Received response with status: 200, headers: {"Access-Control-Allow-Origin"=>"*", "Content-Length"=>"2", "Content-Type"=>"text/plain; charset=utf-8", "Date"=>"Tue, 15 Mar 2022 14:11:06 GMT", "Vary"=>"Origin"}, see debug logs for body
D, [2022-03-15T17:11:06.824724 #61039] DEBUG -- : body: OK
I, [2022-03-15T17:11:06.825124 #61039]  INFO -- : Running example 'Verifying a pact between ShoppingCartClient and ShoppingCartApi Given i will clear the basket request for clearing basket with DELETE /api/basket/ returns a response which has status code 200'
I, [2022-03-15T17:11:06.825197 #61039]  INFO -- : Sending DELETE request to path: "/api/basket/" with headers: {"X_PACT_PROVIDER_STATES"=>[{"name"=>"i will clear the basket"}]}, see debug logs for body
D, [2022-03-15T17:11:06.825220 #61039] DEBUG -- : body :
I, [2022-03-15T17:11:06.826633 #61039]  INFO -- : Received response with status: 200, headers: {"Access-Control-Allow-Origin"=>"*", "Content-Length"=>"2", "Content-Type"=>"text/plain; charset=utf-8", "Date"=>"Tue, 15 Mar 2022 14:11:06 GMT", "Vary"=>"Origin"}, see debug logs for body
D, [2022-03-15T17:11:06.826669 #61039] DEBUG -- : body: OK
I, [2022-03-15T17:11:10.336414 #61039]  INFO -- : Running example 'Verifying a pact between ShoppingCartClient and ShoppingCartApi Given i have a list of products a request for products with GET /api/products returns a response which has status code 200'
I, [2022-03-15T17:11:10.336606 #61039]  INFO -- : Sending GET request to path: "/api/products" with headers: {"X_PACT_PROVIDER_STATES"=>[{"name"=>"i have a list of products"}]}, see debug logs for body
D, [2022-03-15T17:11:10.336661 #61039] DEBUG -- : body :
I, [2022-03-15T17:11:10.339061 #61039]  INFO -- : Received response with status: 200, headers: {"Access-Control-Allow-Origin"=>"*", "Content-Length"=>"2089", "Content-Type"=>"application/json", "Date"=>"Tue, 15 Mar 2022 14:11:10 GMT", "Vary"=>"Origin"}, see debug logs for body
D, [2022-03-15T17:11:10.339514 #61039] DEBUG -- : body: [{"id":1,"category":"Home","title":"Wooden dinner table","description":"Wooden table for dinner room","price":1250,"pic_link":"https://ronixtools.com/en/blog/wp-content/uploads/2021/03/Learn-how-to-make-a-simple-wooden-table-at-home1.jpg"},{"id":2,"category":"Garden","title":"Garden Hose","description":"Green garden hose","price":50,"pic_link":"https://cdn11.bigcommerce.com/s-3c8l9ljcjn/images/stencil/1280x1280/products/24929/35825/39a0105_lifetime_garden_hose_rack_alt2__22440__05859.1593445624__65789.1631907713.jpg?c=1"},{"id":3,"category":"Garden","title":"Wooden garden table","description":"Wooden table for gardens","price":1350,"pic_link":"https://image.made-in-china.com/202f0j00pwvEBLQMaTqP/Outdoor-Furniture-Wooden-Garden-Table-Picnic-Table-Sets-for-Children.jpg"},{"id":4,"category":"Home","title":"TV Unit","description":"TV Unit for plasma TV's","price":150,"pic_link":"https://www.ulcdn.net/opt/www.ulcdn.net/images/products/125614/slide/666x363/Zephyr_LargeTV_Unit_TK_2.jpg?1608823365"},{"id":5,"category":"Cleaning","title":"Robot vacuum","description":"Robot vacuum that clean your house automatically","price":700,"pic_link":"https://images.hepsiburada.net/assets/ProductDescription/202007/52168f7d-a5c5-47c3-b810-3810d3b57e8e.jpg"},{"id":6,"category":"Electronics","title":"Iphone 13","description":"Latest model of iphone released this year","price":1000,"pic_link":"https://store.storeimages.cdn-apple.com/4668/as-images.apple.com/is/iphone-13-pro-silver-select?wid=470\u0026hei=556\u0026fmt=jpeg\u0026qlt=95\u0026.v=1631652954000"},{"id":7,"category":"Electronics","title":"Tv","description":"Plasma Tv","price":1000,"pic_link":"https://5.imimg.com/data5/NA/OH/MY-2906751/td-500x500.jpg"},{"id":8,"category":"Electronics","title":"Imac pro","description":"Latest release of Apple's Imac","price":3000,"pic_link":"https://cdn.vatanbilgisayar.com/Upload/PRODUCT/apple/thumb/v2-89592_large.jpg"},{"id":9,"category":"Home","title":"Rug","description":"Self cleaning rug for houses","price":1100,"pic_link":"https://www.therange.co.uk/_m5/5/9/1596549272_2_2067.jpg"}]
I, [2022-03-15T17:11:10.340601 #61039]  INFO -- : Running example 'Verifying a pact between ShoppingCartClient and ShoppingCartApi Given i will add product to the basket post request to add product to basket with POST /api/basket/1 returns a response which has status code 200'
I, [2022-03-15T17:11:10.340736 #61039]  INFO -- : Sending POST request to path: "/api/basket/1" with headers: {"X_PACT_PROVIDER_STATES"=>[{"name"=>"i will add product to the basket"}]}, see debug logs for body
D, [2022-03-15T17:11:10.340774 #61039] DEBUG -- : body :
I, [2022-03-15T17:11:10.342760 #61039]  INFO -- : Received response with status: 200, headers: {"Access-Control-Allow-Origin"=>"*", "Content-Length"=>"2", "Content-Type"=>"text/plain; charset=utf-8", "Date"=>"Tue, 15 Mar 2022 14:11:10 GMT", "Vary"=>"Origin"}, see debug logs for body
D, [2022-03-15T17:11:10.342801 #61039] DEBUG -- : body: OK
I, [2022-03-15T17:11:10.343252 #61039]  INFO -- : Running example 'Verifying a pact between ShoppingCartClient and ShoppingCartApi Given i will get the basket request for basket with GET /api/basket returns a response which has status code 200'
I, [2022-03-15T17:11:10.343338 #61039]  INFO -- : Sending GET request to path: "/api/basket" with headers: {"X_PACT_PROVIDER_STATES"=>[{"name"=>"i will get the basket"}]}, see debug logs for body
D, [2022-03-15T17:11:10.343390 #61039] DEBUG -- : body :
I, [2022-03-15T17:11:10.345126 #61039]  INFO -- : Received response with status: 200, headers: {"Access-Control-Allow-Origin"=>"*", "Content-Length"=>"269", "Content-Type"=>"application/json", "Date"=>"Tue, 15 Mar 2022 14:11:10 GMT", "Vary"=>"Origin"}, see debug logs for body
D, [2022-03-15T17:11:10.345184 #61039] DEBUG -- : body: [{"product":{"id":1,"category":"Home","title":"Wooden dinner table","description":"Wooden table for dinner room","price":1250,"pic_link":"https://ronixtools.com/en/blog/wp-content/uploads/2021/03/Learn-how-to-make-a-simple-wooden-table-at-home1.jpg"},"productCount":1}]
I, [2022-03-15T17:11:10.345953 #61039]  INFO -- : Running example 'Verifying a pact between ShoppingCartClient and ShoppingCartApi Given i will decrease product from basket a request for decreasing a product from the basket with DELETE /api/basket/1 returns a response which has status code 200'
I, [2022-03-15T17:11:10.346045 #61039]  INFO -- : Sending DELETE request to path: "/api/basket/1" with headers: {"X_PACT_PROVIDER_STATES"=>[{"name"=>"i will decrease product from basket"}]}, see debug logs for body
D, [2022-03-15T17:11:10.346073 #61039] DEBUG -- : body :
I, [2022-03-15T17:11:10.347876 #61039]  INFO -- : Received response with status: 200, headers: {"Access-Control-Allow-Origin"=>"*", "Content-Length"=>"2", "Content-Type"=>"text/plain; charset=utf-8", "Date"=>"Tue, 15 Mar 2022 14:11:10 GMT", "Vary"=>"Origin"}, see debug logs for body
D, [2022-03-15T17:11:10.347918 #61039] DEBUG -- : body: OK
I, [2022-03-15T17:11:10.348394 #61039]  INFO -- : Running example 'Verifying a pact between ShoppingCartClient and ShoppingCartApi Given i will clear the basket request for clearing basket with DELETE /api/basket/ returns a response which has status code 200'
I, [2022-03-15T17:11:10.348484 #61039]  INFO -- : Sending DELETE request to path: "/api/basket/" with headers: {"X_PACT_PROVIDER_STATES"=>[{"name"=>"i will clear the basket"}]}, see debug logs for body
D, [2022-03-15T17:11:10.348511 #61039] DEBUG -- : body :
I, [2022-03-15T17:11:10.350026 #61039]  INFO -- : Received response with status: 200, headers: {"Access-Control-Allow-Origin"=>"*", "Content-Length"=>"2", "Content-Type"=>"text/plain; charset=utf-8", "Date"=>"Tue, 15 Mar 2022 14:11:10 GMT", "Vary"=>"Origin"}, see debug logs for body
D, [2022-03-15T17:11:10.350066 #61039] DEBUG -- : body: OK
